{
  "RSpec": {
    "coverage": {
      "/Users/kvineetha/Desktop/Calculator_command/lib/math.rb": [
        1,
        1,
        1,
        1
      ],
      "/Users/kvineetha/Desktop/Calculator_command/lib/math/calculation.rb": [
        null,
        1,
        null,
        1,
        null,
        1,
        59,
        null,
        null,
        1,
        5,
        null,
        null,
        1,
        3,
        null,
        null,
        1,
        3,
        null,
        null,
        1,
        4,
        1,
        null,
        3,
        null,
        null,
        null,
        1,
        3,
        null,
        null,
        1,
        3,
        null,
        null,
        1,
        3,
        null,
        null,
        1,
        3,
        null,
        null,
        1,
        3,
        null,
        null,
        1,
        3,
        null,
        null,
        1,
        3,
        null,
        null,
        1,
        null,
        null,
        1,
        3,
        null,
        null,
        null,
        null
      ],
      "/Users/kvineetha/Desktop/Calculator_command/lib/math/launch.rb": [
        null,
        1,
        1,
        1,
        null,
        null,
        1,
        1,
        1,
        1,
        1,
        null,
        null,
        1,
        1,
        0,
        0,
        0,
        0,
        null,
        null,
        null
      ],
      "/Users/kvineetha/Desktop/Calculator_command/lib/math/parser.rb": [
        null,
        null,
        1,
        1,
        15,
        15,
        null,
        null,
        1,
        18,
        18,
        18,
        null,
        3,
        null,
        null,
        3,
        null,
        null,
        1,
        null,
        null,
        1,
        null,
        null,
        1,
        null,
        null,
        1,
        null,
        null,
        1,
        null,
        null,
        1,
        null,
        null,
        1,
        null,
        null,
        1,
        null,
        null,
        1,
        null,
        null,
        1,
        1,
        null,
        1,
        1,
        null,
        1,
        null,
        null,
        16,
        16,
        null,
        null,
        null,
        null,
        null,
        null,
        null,
        null
      ],
      "/Users/kvineetha/Desktop/Calculator_command/lib/math/commands.rb": [
        1,
        1,
        1,
        1,
        1,
        1,
        1,
        1,
        1,
        1,
        1,
        1,
        1,
        1,
        1
      ],
      "/Users/kvineetha/Desktop/Calculator_command/lib/math/commands/command.rb": [
        1,
        1,
        50,
        50,
        50,
        null,
        null,
        1,
        2,
        null,
        null
      ],
      "/Users/kvineetha/Desktop/Calculator_command/lib/math/commands/add_command.rb": [
        1,
        null,
        1,
        4,
        null,
        null
      ],
      "/Users/kvineetha/Desktop/Calculator_command/lib/math/commands/repeat_command.rb": [
        null,
        null,
        1,
        null,
        null,
        1,
        2,
        2,
        null,
        2,
        null,
        null
      ],
      "/Users/kvineetha/Desktop/Calculator_command/lib/math/commands/subtract_command.rb": [
        1,
        null,
        1,
        2,
        null,
        null
      ],
      "/Users/kvineetha/Desktop/Calculator_command/lib/math/commands/multiply_command.rb": [
        1,
        null,
        1,
        2,
        null,
        null
      ],
      "/Users/kvineetha/Desktop/Calculator_command/lib/math/commands/divide_command.rb": [
        1,
        null,
        1,
        2,
        null,
        null
      ],
      "/Users/kvineetha/Desktop/Calculator_command/lib/math/commands/cancel_command.rb": [
        1,
        1,
        2,
        null,
        null
      ],
      "/Users/kvineetha/Desktop/Calculator_command/lib/math/commands/cube_command.rb": [
        1,
        1,
        2,
        null,
        null
      ],
      "/Users/kvineetha/Desktop/Calculator_command/lib/math/commands/cube_root_command.rb": [
        1,
        1,
        2,
        null,
        null
      ],
      "/Users/kvineetha/Desktop/Calculator_command/lib/math/commands/square_command.rb": [
        1,
        1,
        2,
        null,
        null
      ],
      "/Users/kvineetha/Desktop/Calculator_command/lib/math/commands/square_root_command.rb": [
        1,
        1,
        2,
        null,
        null
      ],
      "/Users/kvineetha/Desktop/Calculator_command/lib/math/commands/absolute_command.rb": [
        1,
        1,
        2,
        null,
        null
      ],
      "/Users/kvineetha/Desktop/Calculator_command/lib/math/commands/negative_command.rb": [
        1,
        1,
        2,
        null,
        null
      ],
      "/Users/kvineetha/Desktop/Calculator_command/lib/math/commands/invalid_command.rb": [
        1,
        1,
        2,
        null,
        null
      ],
      "/Users/kvineetha/Desktop/Calculator_command/lib/math/commands/exit_command.rb": [
        1,
        1,
        2,
        null,
        null
      ],
      "/Users/kvineetha/Desktop/Calculator_command/spec/math/commands_spec.rb": [
        1,
        1,
        1,
        1,
        1,
        1,
        1,
        1,
        1,
        1,
        1,
        1,
        1,
        1,
        1
      ],
      "/Users/kvineetha/Desktop/Calculator_command/spec/math/commands_spec/command_spec.rb": [
        1,
        1,
        1,
        1,
        1,
        1,
        null,
        null
      ],
      "/Users/kvineetha/Desktop/Calculator_command/spec/math/commands_spec/add_command_spec.rb": [
        1,
        1,
        1,
        1,
        1,
        1,
        null,
        null
      ],
      "/Users/kvineetha/Desktop/Calculator_command/spec/math/commands_spec/repeat_command_spec.rb": [
        1,
        null,
        1,
        1,
        1,
        1,
        1,
        null,
        null
      ],
      "/Users/kvineetha/Desktop/Calculator_command/spec/math/commands_spec/subtract_command_spec.rb": [
        1,
        1,
        1,
        1,
        1,
        1,
        null,
        null
      ],
      "/Users/kvineetha/Desktop/Calculator_command/spec/math/commands_spec/multiply_command_spec.rb": [
        1,
        1,
        1,
        1,
        1,
        1,
        null,
        null
      ],
      "/Users/kvineetha/Desktop/Calculator_command/spec/math/commands_spec/divide_command_spec.rb": [
        1,
        1,
        1,
        1,
        1,
        1,
        null,
        null
      ],
      "/Users/kvineetha/Desktop/Calculator_command/spec/math/commands_spec/cancel_command_spec.rb": [
        1,
        1,
        1,
        1,
        1,
        1,
        null,
        null
      ],
      "/Users/kvineetha/Desktop/Calculator_command/spec/math/commands_spec/cube_command_spec.rb": [
        1,
        1,
        1,
        1,
        1,
        1,
        null,
        null
      ],
      "/Users/kvineetha/Desktop/Calculator_command/spec/math/commands_spec/cube_root_command_spec.rb": [
        1,
        1,
        1,
        1,
        1,
        1,
        null,
        null
      ],
      "/Users/kvineetha/Desktop/Calculator_command/spec/math/commands_spec/square_command_spec.rb": [
        1,
        1,
        1,
        1,
        1,
        1,
        null,
        null
      ],
      "/Users/kvineetha/Desktop/Calculator_command/spec/math/commands_spec/square_root_command_spec.rb": [
        1,
        1,
        1,
        1,
        1,
        1,
        null,
        null
      ],
      "/Users/kvineetha/Desktop/Calculator_command/spec/math/commands_spec/absolute_command_spec.rb": [
        1,
        1,
        1,
        1,
        1,
        1,
        null,
        null
      ],
      "/Users/kvineetha/Desktop/Calculator_command/spec/math/commands_spec/negative_command_spec.rb": [
        1,
        1,
        1,
        1,
        1,
        1,
        null,
        null
      ],
      "/Users/kvineetha/Desktop/Calculator_command/spec/math/commands_spec/invalid_command_spec.rb": [
        1,
        1,
        1,
        1,
        1,
        1,
        null,
        null
      ],
      "/Users/kvineetha/Desktop/Calculator_command/spec/math/commands_spec/exit_command_spec.rb": [
        1,
        1,
        1,
        1,
        1,
        null,
        1,
        null,
        null
      ],
      "/Users/kvineetha/Desktop/Calculator_command/spec/math/launch_spec.rb": [
        1,
        1,
        null,
        null,
        1,
        null,
        1,
        1,
        1,
        2,
        1,
        1,
        null,
        null,
        null,
        null
      ],
      "/Users/kvineetha/Desktop/Calculator_command/spec/math/parser_spec.rb": [
        1,
        null,
        1,
        null,
        14,
        null,
        1,
        1,
        null,
        1,
        1,
        null,
        1,
        1,
        null,
        1,
        1,
        null,
        1,
        1,
        null,
        1,
        1,
        null,
        1,
        1,
        null,
        1,
        1,
        null,
        1,
        1,
        null,
        1,
        1,
        null,
        1,
        1,
        null,
        1,
        1,
        1,
        1,
        1,
        1,
        null,
        1,
        1,
        null,
        null
      ]
    },
    "timestamp": 1423216229
  }
}
